0.0 0 1000000
0.0 1 1000000
0.0 2 1000000
0.0 3 1000000
0.0 4 1000000
0.0 5 1000000
0.0 6 1000000
0.0 7 1000000
0.0 8 1000000
0.0 9 1000000
0.0 10 1000000
0.0 11 1000000
0.0 12 1000000
0.0 13 1000000
0.0 14 1000000
0.0 15 1000000
0.0 16 1000000
0.0 17 1000000
0.0 18 1000000
0.0 19 1000000
0.0 20 1000000
0.0 21 1000000
0.0 22 1000000
0.0 23 1000000
0.0 24 1000000
0.0 25 1000000
0.0 26 1000000
0.0 27 1000000
0.0 28 1000000
0.0 29 1000000
0.0 30 1000000
0.0 31 1000000
0.0 32 1000000
0.0 33 1000000
0.0 34 1000000
0.0 35 1000000
0.0 36 1000000
0.0 37 1000000
0.0 38 1000000
0.0 39 1000000
0.0 40 1000000
0.0 41 1000000
0.0 42 1000000
0.0 43 1000000
0.0 44 1000000
0.0 45 1000000
0.0 46 1000000
0.0 47 1000000
0.0 48 1000000
0.0 49 1000000
0.0 50 1000000
0.0 51 1000000
0.0 52 1000000
0.0 53 1000000
0.0 54 1000000
0.0 55 1000000
0.0 56 1000000
0.0 57 1000000
0.0 58 1000000
0.0 59 1000000
0.0 60 1000000
0.0 61 1000000
0.0 62 1000000
0.0 63 1000000
0.0 64 1000000
0.0 65 1000000
0.0 66 1000000
0.0 67 1000000
0.0 68 1000000
0.0 69 1000000
0.0 70 1000000
0.0 71 1000000
0.0 72 1000000
0.0 73 1000000
0.0 74 1000000
0.0 75 1000000
0.0 76 1000000
0.0 77 1000000
0.0 78 1000000
0.0 79 1000000
0.0 80 1000000
0.0 81 1000000
0.0 82 1000000
0.0 83 1000000
0.0 84 1000000
0.0 85 1000000
0.0 86 1000000
0.0 87 1000000
0.0 88 1000000
0.0 89 1000000
0.0 90 1000000
0.0 91 1000000
0.0 92 1000000
0.0 93 1000000
0.0 94 1000000
0.0 95 1000000
0.0 96 1000000
0.0 97 1000000
0.0 98 1000000
0.0 99 1000000
